<?xml version="1.0" encoding="UTF-8"?>
<!-- Generated by org.testng.reporters.JUnitReportReporter -->
<testsuite hostname="LAPTOP-FBD5JB60" failures="0" tests="4" name="api.test.UserTests" time="2.984" errors="0" timestamp="2024-07-20T15:50:22 EDT" skipped="0">
  <testcase classname="api.test.UserTests" name="testPostUser" time="2.343"/>
  <system-out/>
  <testcase classname="api.test.UserTests" name="testGetUserByName" time="0.182"/>
  <system-out/>
  <testcase classname="api.test.UserTests" name="testUpdateUserByName" time="0.305"/>
  <system-out/>
  <testcase classname="api.test.UserTests" name="testDeleteUserByName" time="0.154"/>
  <system-out/>
</testsuite> <!-- api.test.UserTests -->
