<?xml version="1.0" encoding="UTF-8"?>
<!-- Generated by org.testng.reporters.JUnitReportReporter -->
<testsuite hostname="LAPTOP-FBD5JB60" failures="0" tests="4" name="api.test.UserTests2" time="3.125" errors="0" timestamp="2024-07-20T16:57:57 EDT" skipped="0">
  <testcase classname="api.test.UserTests2" name="testPostUser" time="2.442"/>
  <system-out/>
  <testcase classname="api.test.UserTests2" name="testGetUserByName" time="0.208"/>
  <system-out/>
  <testcase classname="api.test.UserTests2" name="testUpdateUserByName" time="0.327"/>
  <system-out/>
  <testcase classname="api.test.UserTests2" name="testDeleteUserByName" time="0.148"/>
  <system-out/>
</testsuite> <!-- api.test.UserTests2 -->
