<?xml version="1.0" encoding="UTF-8"?>
<!-- Generated by org.testng.reporters.JUnitReportReporter -->
<testsuite hostname="LAPTOP-FBD5JB60" failures="0" tests="4" name="api.test.UserTests2" time="9.795" errors="0" timestamp="2024-07-20T17:14:57 EDT" skipped="0">
  <testcase classname="api.test.UserTests2" name="testPostUser" time="9.157"/>
  <testcase classname="api.test.UserTests2" name="testGetUserByName" time="0.185"/>
  <testcase classname="api.test.UserTests2" name="testUpdateUserByName" time="0.303"/>
  <testcase classname="api.test.UserTests2" name="testDeleteUserByName" time="0.150"/>
</testsuite> <!-- api.test.UserTests2 -->
